<?xml version="1.0" encoding="UTF-8"?>
<!-- Generated by org.testng.reporters.JUnitReportReporter -->
<testsuite hostname="SL-1352" name="com.yourcompany.SampleSauceTest" tests="1" failures="0" timestamp="8 Jan 2021 16:30:30 GMT" time="39.987" errors="0">
  <testcase name="main" time="39.987" classname="com.yourcompany.SampleSauceTest"/>
</testsuite> <!-- com.yourcompany.SampleSauceTest -->
